{"name":"Serena","level":30,"msg":"38 rules added.  No of clients: 66","time":"2016-03-15T00:24:16.172Z","v":0}
{"name":"Serena","level":30,"profile":{"activation":5,"factsadded":32,"memory":{"RSS":15802368,"HeapTotal":4127744,"HeapUsed":-425288},"ttime":92326,"atime":27},"msg":"","time":"2016-03-15T00:25:48.484Z","v":0}
{"name":"Serena","level":30,"profile":{"activation":50,"factsadded":172,"memory":{"RSS":15962112,"HeapTotal":4127744,"HeapUsed":-603432},"ttime":540441,"atime":49},"msg":"","time":"2016-03-15T00:33:16.600Z","v":0}
{"name":"Serena","level":30,"profile":{"activation":100,"factsadded":280,"memory":{"RSS":16732160,"HeapTotal":4127744,"HeapUsed":-1889024},"ttime":865590,"atime":72},"msg":"","time":"2016-03-15T00:38:41.748Z","v":0}
{"name":"Serena","level":30,"profile":{"activation":150,"factsadded":431,"memory":{"RSS":16855040,"HeapTotal":5147648,"HeapUsed":1762520},"ttime":1339115,"atime":171},"msg":"","time":"2016-03-15T00:46:35.273Z","v":0}
{"name":"Serena","level":30,"profile":{"activation":200,"factsadded":583,"memory":{"RSS":17203200,"HeapTotal":5147648,"HeapUsed":-837864},"ttime":1829754,"atime":196},"msg":"","time":"2016-03-15T00:54:45.912Z","v":0}
{"name":"Serena","level":30,"profile":{"activation":250,"factsadded":762,"memory":{"RSS":17387520,"HeapTotal":5147648,"HeapUsed":-4938464},"ttime":2406050,"atime":261},"msg":"","time":"2016-03-15T01:04:22.208Z","v":0}
{"name":"Serena","level":30,"profile":{"activation":300,"factsadded":915,"memory":{"RSS":17526784,"HeapTotal":5147648,"HeapUsed":-1836952},"ttime":2878608,"atime":349},"msg":"","time":"2016-03-15T01:12:14.766Z","v":0}
{"name":"Serena","level":30,"profile":{"activation":350,"factsadded":1021,"memory":{"RSS":17596416,"HeapTotal":5147648,"HeapUsed":-12170576},"ttime":3209431,"atime":335},"msg":"","time":"2016-03-15T01:17:45.589Z","v":0}
{"name":"Serena","level":30,"profile":{"activation":400,"factsadded":1194,"memory":{"RSS":16572416,"HeapTotal":6179584,"HeapUsed":-6064232},"ttime":3775145,"atime":526},"msg":"","time":"2016-03-15T01:27:11.303Z","v":0}
{"name":"Serena","level":30,"profile":{"activation":450,"factsadded":1335,"memory":{"RSS":16797696,"HeapTotal":6179584,"HeapUsed":972592},"ttime":4225159,"atime":558},"msg":"","time":"2016-03-15T01:34:41.317Z","v":0}
{"name":"Serena","level":30,"profile":{"activation":500,"factsadded":1486,"memory":{"RSS":17055744,"HeapTotal":6179584,"HeapUsed":-5246376},"ttime":4710428,"atime":1024},"msg":"","time":"2016-03-15T01:42:46.586Z","v":0}
{"name":"Serena","level":30,"profile":{"activation":550,"factsadded":1583,"memory":{"RSS":12353536,"HeapTotal":6179584,"HeapUsed":-4252544},"ttime":5003609,"atime":1655},"msg":"","time":"2016-03-15T01:47:39.767Z","v":0}
{"name":"Serena","level":30,"profile":{"activation":600,"factsadded":1693,"memory":{"RSS":12234752,"HeapTotal":6179584,"HeapUsed":-4574552},"ttime":5324130,"atime":1020},"msg":"","time":"2016-03-15T01:53:00.288Z","v":0}
{"name":"Serena","level":30,"profile":{"activation":650,"factsadded":1823,"memory":{"RSS":12496896,"HeapTotal":6179584,"HeapUsed":-6113152},"ttime":5731299,"atime":4518},"msg":"","time":"2016-03-15T01:59:47.457Z","v":0}
{"name":"Serena","level":30,"profile":{"activation":700,"factsadded":1931,"memory":{"RSS":12857344,"HeapTotal":6179584,"HeapUsed":-8587104},"ttime":6049408,"atime":1538},"msg":"","time":"2016-03-15T02:05:05.566Z","v":0}
{"name":"Serena","level":30,"profile":{"activation":750,"factsadded":2075,"memory":{"RSS":13516800,"HeapTotal":6179584,"HeapUsed":-2963464},"ttime":6499533,"atime":3503},"msg":"","time":"2016-03-15T02:12:35.691Z","v":0}
{"name":"Serena","level":30,"profile":{"activation":800,"factsadded":2189,"memory":{"RSS":13832192,"HeapTotal":6179584,"HeapUsed":-7740968},"ttime":6844176,"atime":1922},"msg":"","time":"2016-03-15T02:18:20.334Z","v":0}
{"name":"Serena","level":30,"profile":{"activation":850,"factsadded":2353,"memory":{"RSS":15495168,"HeapTotal":7211520,"HeapUsed":331408},"ttime":7360166,"atime":2053},"msg":"","time":"2016-03-15T02:26:56.324Z","v":0}
{"name":"Serena","level":30,"profile":{"activation":900,"factsadded":2495,"memory":{"RSS":15716352,"HeapTotal":7211520,"HeapUsed":4904128},"ttime":7810574,"atime":4952},"msg":"","time":"2016-03-15T02:34:26.732Z","v":0}
{"name":"Serena","level":30,"profile":{"activation":950,"factsadded":2612,"memory":{"RSS":15962112,"HeapTotal":7211520,"HeapUsed":-9162488},"ttime":8168570,"atime":4360},"msg":"","time":"2016-03-15T02:40:24.728Z","v":0}
{"name":"Serena","level":30,"profile":{"activation":1000,"factsadded":2766,"memory":{"RSS":16273408,"HeapTotal":7211520,"HeapUsed":-7077664},"ttime":8674329,"atime":2459},"msg":"","time":"2016-03-15T02:48:50.487Z","v":0}
{"name":"Serena","level":30,"profile":{"activation":1050,"factsadded":2897,"memory":{"RSS":16265216,"HeapTotal":7211520,"HeapUsed":-5742056},"ttime":9090371,"atime":829},"msg":"","time":"2016-03-15T02:55:46.529Z","v":0}
{"name":"Serena","level":30,"profile":{"activation":1100,"factsadded":3034,"memory":{"RSS":16568320,"HeapTotal":7211520,"HeapUsed":-4830656},"ttime":9505804,"atime":5715},"msg":"","time":"2016-03-15T03:02:41.962Z","v":0}
{"name":"Serena","level":30,"profile":{"activation":1150,"factsadded":3169,"memory":{"RSS":10092544,"HeapTotal":7211520,"HeapUsed":-2522536},"ttime":9918215,"atime":2823},"msg":"","time":"2016-03-15T03:09:34.373Z","v":0}
{"name":"Serena","level":30,"profile":{"activation":1200,"factsadded":3296,"memory":{"RSS":10514432,"HeapTotal":7211520,"HeapUsed":-6393392},"ttime":10318441,"atime":2144},"msg":"","time":"2016-03-15T03:16:14.599Z","v":0}
{"name":"Serena","level":30,"profile":{"activation":1250,"factsadded":3468,"memory":{"RSS":10698752,"HeapTotal":7211520,"HeapUsed":-4046512},"ttime":10876382,"atime":5507},"msg":"","time":"2016-03-15T03:25:32.540Z","v":0}
{"name":"Serena","level":30,"profile":{"activation":1300,"factsadded":3599,"memory":{"RSS":11214848,"HeapTotal":7211520,"HeapUsed":-5710448},"ttime":11250684,"atime":2241},"msg":"","time":"2016-03-15T03:31:46.842Z","v":0}
{"name":"Serena","level":30,"profile":{"activation":1350,"factsadded":3765,"memory":{"RSS":11907072,"HeapTotal":8243456,"HeapUsed":1809272},"ttime":11817858,"atime":2326},"msg":"","time":"2016-03-15T03:41:14.016Z","v":0}
{"name":"Serena","level":30,"profile":{"activation":1400,"factsadded":3942,"memory":{"RSS":12746752,"HeapTotal":8243456,"HeapUsed":7265688},"ttime":12351972,"atime":2403},"msg":"","time":"2016-03-15T03:50:08.130Z","v":0}
{"name":"Serena","level":30,"profile":{"activation":1450,"factsadded":4069,"memory":{"RSS":12980224,"HeapTotal":8243456,"HeapUsed":-648784},"ttime":12745962,"atime":2933},"msg":"","time":"2016-03-15T03:56:42.120Z","v":0}
{"name":"Serena","level":30,"profile":{"activation":1500,"factsadded":4228,"memory":{"RSS":13291520,"HeapTotal":8243456,"HeapUsed":2834160},"ttime":13246908,"atime":2524},"msg":"","time":"2016-03-15T04:05:03.066Z","v":0}
{"name":"Serena","level":30,"profile":{"activation":1550,"factsadded":4349,"memory":{"RSS":13897728,"HeapTotal":9275392,"HeapUsed":6441368},"ttime":13632216,"atime":2988},"msg":"","time":"2016-03-15T04:11:28.374Z","v":0}
{"name":"Serena","level":30,"profile":{"activation":1600,"factsadded":4498,"memory":{"RSS":10153984,"HeapTotal":10307328,"HeapUsed":8579984},"ttime":14102259,"atime":3891},"msg":"","time":"2016-03-15T04:19:18.417Z","v":0}
{"name":"Serena","level":30,"profile":{"activation":1650,"factsadded":4659,"memory":{"RSS":1069056,"HeapTotal":10307328,"HeapUsed":-2365072},"ttime":14636327,"atime":11990},"msg":"","time":"2016-03-15T04:28:12.485Z","v":0}
{"name":"Serena","level":30,"profile":{"activation":1700,"factsadded":4797,"memory":{"RSS":1335296,"HeapTotal":10307328,"HeapUsed":-426720},"ttime":15018261,"atime":3036},"msg":"","time":"2016-03-15T04:34:34.419Z","v":0}
{"name":"Serena","level":30,"profile":{"activation":1750,"factsadded":4941,"memory":{"RSS":1646592,"HeapTotal":10307328,"HeapUsed":3077056},"ttime":15462124,"atime":6756},"msg":"","time":"2016-03-15T04:41:58.282Z","v":0}
{"name":"Serena","level":30,"profile":{"activation":1800,"factsadded":5052,"memory":{"RSS":1302528,"HeapTotal":10307328,"HeapUsed":7177336},"ttime":15791697,"atime":32473},"msg":"","time":"2016-03-15T04:47:27.856Z","v":0}
{"name":"Serena","level":30,"profile":{"activation":1850,"factsadded":5178,"memory":{"RSS":372736,"HeapTotal":10307328,"HeapUsed":3296928},"ttime":16223874,"atime":48833},"msg":"","time":"2016-03-15T04:54:40.032Z","v":0}
{"name":"Serena","level":30,"profile":{"activation":1900,"factsadded":5338,"memory":{"RSS":-147456,"HeapTotal":11339264,"HeapUsed":6179672},"ttime":16728293,"atime":13006},"msg":"","time":"2016-03-15T05:03:04.451Z","v":0}
{"name":"Serena","level":30,"profile":{"activation":1950,"factsadded":5495,"memory":{"RSS":-32768,"HeapTotal":11339264,"HeapUsed":8474504},"ttime":17231604,"atime":55898},"msg":"","time":"2016-03-15T05:11:27.762Z","v":0}
{"name":"Serena","level":30,"profile":{"activation":2000,"factsadded":5630,"memory":{"RSS":-24576,"HeapTotal":11339264,"HeapUsed":5010944},"ttime":17665911,"atime":9602},"msg":"","time":"2016-03-15T05:18:42.069Z","v":0}
{"name":"Serena","level":30,"profile":{"activation":2050,"factsadded":5772,"memory":{"RSS":-442368,"HeapTotal":11339264,"HeapUsed":2921800},"ttime":18074362,"atime":106016},"msg":"","time":"2016-03-15T05:25:30.520Z","v":0}
{"name":"Serena","level":30,"profile":{"activation":2100,"factsadded":5915,"memory":{"RSS":-1011712,"HeapTotal":11339264,"HeapUsed":1147680},"ttime":18483833,"atime":189438},"msg":"","time":"2016-03-15T05:32:19.991Z","v":0}
{"name":"Serena","level":30,"profile":{"activation":2150,"factsadded":6011,"memory":{"RSS":-1232896,"HeapTotal":11339264,"HeapUsed":-2756696},"ttime":18765302,"atime":157353},"msg":"","time":"2016-03-15T05:37:01.460Z","v":0}
{"name":"Serena","level":30,"profile":{"activation":2200,"factsadded":6094,"memory":{"RSS":-5799936,"HeapTotal":11339264,"HeapUsed":-1813768},"ttime":19025831,"atime":43025},"msg":"","time":"2016-03-15T05:41:21.989Z","v":0}
{"name":"Serena","level":30,"profile":{"activation":2250,"factsadded":6196,"memory":{"RSS":-4493312,"HeapTotal":12371200,"HeapUsed":-4360608},"ttime":19342007,"atime":8505},"msg":"","time":"2016-03-15T05:46:38.166Z","v":0}
{"name":"Serena","level":30,"profile":{"activation":2300,"factsadded":6311,"memory":{"RSS":-4161536,"HeapTotal":12371200,"HeapUsed":877776},"ttime":19718471,"atime":4694},"msg":"","time":"2016-03-15T05:52:54.629Z","v":0}
{"name":"Serena","level":30,"profile":{"activation":2350,"factsadded":6476,"memory":{"RSS":-2756608,"HeapTotal":12371200,"HeapUsed":-1032488},"ttime":20233690,"atime":8236},"msg":"","time":"2016-03-15T06:01:29.848Z","v":0}
{"name":"Serena","level":30,"profile":{"activation":2400,"factsadded":6600,"memory":{"RSS":-3784704,"HeapTotal":12371200,"HeapUsed":-3080016},"ttime":20606184,"atime":23252},"msg":"","time":"2016-03-15T06:07:42.342Z","v":0}
{"name":"Serena","level":30,"profile":{"activation":2450,"factsadded":6708,"memory":{"RSS":-4956160,"HeapTotal":12371200,"HeapUsed":-147304},"ttime":20954402,"atime":10441},"msg":"","time":"2016-03-15T06:13:30.560Z","v":0}
{"name":"Serena","level":30,"profile":{"activation":2500,"factsadded":6865,"memory":{"RSS":-4808704,"HeapTotal":12371200,"HeapUsed":5952952},"ttime":21415488,"atime":23523},"msg":"","time":"2016-03-15T06:21:11.646Z","v":0}
{"name":"Serena","level":30,"profile":{"activation":2550,"factsadded":6997,"memory":{"RSS":-5017600,"HeapTotal":12371200,"HeapUsed":10062456},"ttime":21835998,"atime":37887},"msg":"","time":"2016-03-15T06:28:12.156Z","v":0}
{"name":"Serena","level":30,"profile":{"activation":2600,"factsadded":7113,"memory":{"RSS":-4554752,"HeapTotal":13403136,"HeapUsed":-222856},"ttime":22189751,"atime":38334},"msg":"","time":"2016-03-15T06:34:05.909Z","v":0}
{"name":"Serena","level":30,"profile":{"activation":2650,"factsadded":7241,"memory":{"RSS":-4341760,"HeapTotal":13403136,"HeapUsed":1069408},"ttime":22602213,"atime":25459},"msg":"","time":"2016-03-15T06:40:58.371Z","v":0}
{"name":"Serena","level":30,"profile":{"activation":2700,"factsadded":7369,"memory":{"RSS":-4235264,"HeapTotal":13403136,"HeapUsed":-2940984},"ttime":23003344,"atime":49114},"msg":"","time":"2016-03-15T06:47:39.502Z","v":0}
{"name":"Serena","level":30,"profile":{"activation":2750,"factsadded":7488,"memory":{"RSS":-3452928,"HeapTotal":13403136,"HeapUsed":3578104},"ttime":23389995,"atime":46249},"msg":"","time":"2016-03-15T06:54:06.153Z","v":0}
{"name":"Serena","level":30,"profile":{"activation":2800,"factsadded":7611,"memory":{"RSS":-2891776,"HeapTotal":13403136,"HeapUsed":5264848},"ttime":23767145,"atime":144692},"msg":"","time":"2016-03-15T07:00:23.303Z","v":0}
{"name":"Serena","level":30,"profile":{"activation":2850,"factsadded":7767,"memory":{"RSS":-2531328,"HeapTotal":13403136,"HeapUsed":4351880},"ttime":24241053,"atime":198094},"msg":"","time":"2016-03-15T07:08:17.211Z","v":0}
{"name":"Serena","level":30,"profile":{"activation":2900,"factsadded":7895,"memory":{"RSS":-3493888,"HeapTotal":14435072,"HeapUsed":8916760},"ttime":24656941,"atime":240917},"msg":"","time":"2016-03-15T07:15:13.099Z","v":0}
{"name":"Serena","level":30,"profile":{"activation":2950,"factsadded":8044,"memory":{"RSS":-3190784,"HeapTotal":14435072,"HeapUsed":12206280},"ttime":25123658,"atime":248890},"msg":"","time":"2016-03-15T07:22:59.816Z","v":0}
{"name":"Serena","level":30,"profile":{"activation":3000,"factsadded":8210,"memory":{"RSS":-5623808,"HeapTotal":14435072,"HeapUsed":4692208},"ttime":25626649,"atime":334763},"msg":"","time":"2016-03-15T07:31:22.807Z","v":0}
{"name":"Serena","level":30,"profile":{"activation":3050,"factsadded":8389,"memory":{"RSS":-6115328,"HeapTotal":14435072,"HeapUsed":-1092600},"ttime":26163773,"atime":118699},"msg":"","time":"2016-03-15T07:40:19.931Z","v":0}
{"name":"Serena","level":30,"profile":{"activation":3100,"factsadded":8509,"memory":{"RSS":-7561216,"HeapTotal":14435072,"HeapUsed":-833440},"ttime":26538879,"atime":434808},"msg":"","time":"2016-03-15T07:46:35.037Z","v":0}
{"name":"Serena","level":30,"profile":{"activation":3150,"factsadded":8688,"memory":{"RSS":-7516160,"HeapTotal":15467008,"HeapUsed":15160640},"ttime":27057176,"atime":571048},"msg":"","time":"2016-03-15T07:55:13.334Z","v":0}
{"name":"Serena","level":30,"profile":{"activation":3200,"factsadded":8931,"memory":{"RSS":-8437760,"HeapTotal":15467008,"HeapUsed":6514784},"ttime":27794468,"atime":23998266},"msg":"","time":"2016-03-15T08:07:30.626Z","v":0}
{"name":"Serena","level":30,"profile":{"activation":3250,"factsadded":8998,"memory":{"RSS":-8036352,"HeapTotal":15467008,"HeapUsed":12870936},"ttime":28006107,"atime":795621},"msg":"","time":"2016-03-15T08:11:02.265Z","v":0}
{"name":"Serena","level":30,"profile":{"activation":3300,"factsadded":9258,"memory":{"RSS":-8646656,"HeapTotal":15467008,"HeapUsed":6773112},"ttime":28805559,"atime":1242172},"msg":"","time":"2016-03-15T08:24:21.717Z","v":0}
{"name":"Serena","level":30,"profile":{"activation":3350,"factsadded":9317,"memory":{"RSS":-8454144,"HeapTotal":15467008,"HeapUsed":1346144},"ttime":29026172,"atime":1054448},"msg":"","time":"2016-03-15T08:28:02.330Z","v":0}
{"name":"Serena","level":30,"profile":{"activation":3400,"factsadded":9472,"memory":{"RSS":-8036352,"HeapTotal":15467008,"HeapUsed":14336720},"ttime":29482612,"atime":1342831},"msg":"","time":"2016-03-15T08:35:38.770Z","v":0}
{"name":"Serena","level":30,"profile":{"activation":3450,"factsadded":9554,"memory":{"RSS":-7598080,"HeapTotal":15467008,"HeapUsed":11817424},"ttime":29765685,"atime":1154975},"msg":"","time":"2016-03-15T08:40:21.843Z","v":0}
{"name":"Serena","level":30,"profile":{"activation":3500,"factsadded":9678,"memory":{"RSS":-8839168,"HeapTotal":16498944,"HeapUsed":8139496},"ttime":30164061,"atime":1158645},"msg":"","time":"2016-03-15T08:47:00.219Z","v":0}
{"name":"Serena","level":30,"profile":{"activation":3550,"factsadded":9885,"memory":{"RSS":-6713344,"HeapTotal":16498944,"HeapUsed":13488144},"ttime":30779901,"atime":1349453},"msg":"","time":"2016-03-15T08:57:16.059Z","v":0}
{"name":"Serena","level":30,"profile":{"activation":3600,"factsadded":10051,"memory":{"RSS":-22474752,"HeapTotal":16498944,"HeapUsed":4335344},"ttime":32628178,"atime":2778497},"msg":"","time":"2016-03-15T09:28:04.336Z","v":0}
